\\mac\home\desktop\viavisual\x64\release\delaunaytriangulation.lib
\\mac\home\desktop\viavisual\x64\release\delaunaytriangulation.exp
\\mac\home\desktop\viavisual\x64\release\delaunaytriangulation.ipdb
\\mac\home\desktop\viavisual\x64\release\delaunaytriangulation.iobj
\\mac\home\desktop\viavisual\x64\release\delaunaytriangulation.pdb
\\mac\home\desktop\triangulationdelaunay\x64\release\delaunaytriangulation.lib
\\mac\home\desktop\triangulationdelaunay\x64\release\delaunaytriangulation.exp
\\mac\home\desktop\triangulationdelaunay\x64\release\delaunaytriangulation.ipdb
\\mac\home\desktop\triangulationdelaunay\x64\release\delaunaytriangulation.iobj
\\mac\home\desktop\triangulationdelaunay\x64\release\delaunaytriangulation.pdb
\\mac\home\desktop\triangulationdelaunay\x64\release\triangle.obj
\\mac\home\desktop\triangulationdelaunay\x64\release\vector3d.obj
\\mac\home\desktop\triangulationdelaunay\x64\release\delaunaytriangulation.obj
\\mac\home\desktop\triangulationdelaunay\x64\release\dotcloudgenerator.obj
\\mac\home\desktop\triangulationdelaunay\x64\release\main.obj
\\mac\home\desktop\triangulationdelaunay\x64\release\dotcloudreader.obj
\\mac\home\desktop\triangulationdelaunay\x64\release\visualization.obj
\\mac\home\desktop\triangulationdelaunay\x64\release\vc143.pdb
\\mac\home\desktop\triangulationdelaunay\x64\release\delaunay.21e1ef05.tlog\link.read.1.tlog
\\mac\home\desktop\triangulationdelaunay\x64\release\delaunay.21e1ef05.tlog\link.command.1.tlog
\\mac\home\desktop\triangulationdelaunay\x64\release\delaunay.21e1ef05.tlog\link.write.1.tlog
\\mac\home\desktop\triangulationdelaunay\x64\release\delaunay.21e1ef05.tlog\link.write.2u.tlog
\\mac\home\desktop\triangulationdelaunay\x64\release\delaunay.21e1ef05.tlog\cl.command.1.tlog
\\mac\home\desktop\triangulationdelaunay\x64\release\delaunay.21e1ef05.tlog\cl.items.tlog
